Using pre-set license
Built from '2020.3/staging' branch; Version is '2020.3.24f1 (79c78de19888) revision 7980941'; Using compiler version '192528614'; Build Type 'Release'
OS: 'Windows 10  (10.0.19042) 64bit Core' Language: 'en' Physical Memory: 16244 MB
BatchMode: 1, IsHumanControllingUs: 0, StartBugReporterOnCrash: 0, Is64bit: 1, IsPro: 0

COMMAND LINE ARGUMENTS:
C:\Program Files\Unity\Hub\Editor\2020.3.24f1\Editor\Unity.exe
-adb2
-batchMode
-noUpm
-name
AssetImportWorker0
-projectPath
C:/Users/tomas.zmiejevas1/Desktop/Zombie Chase
-logFile
Logs/AssetImportWorker0.log
-srvPort
56724
Successfully changed project path to: C:/Users/tomas.zmiejevas1/Desktop/Zombie Chase
C:/Users/tomas.zmiejevas1/Desktop/Zombie Chase
Using Asset Import Pipeline V2.
Refreshing native plugins compatible for Editor in 31.76 ms, found 3 plugins.
Preloading 0 native plugins for Editor in 0.00 ms.
Initialize engine version: 2020.3.24f1 (79c78de19888)
[Subsystems] Discovering subsystems at path C:/Program Files/Unity/Hub/Editor/2020.3.24f1/Editor/Data/Resources/UnitySubsystems
[Subsystems] Discovering subsystems at path C:/Users/tomas.zmiejevas1/Desktop/Zombie Chase/Assets
GfxDevice: creating device client; threaded=0
Direct3D:
    Version:  Direct3D 11.0 [level 11.1]
    Renderer: Radeon(TM) RX 580 (ID=0x67df)
    Vendor:   
    VRAM:     4075 MB
    Driver:   27.20.11040.11
Initialize mono
Mono path[0] = 'C:/Program Files/Unity/Hub/Editor/2020.3.24f1/Editor/Data/Managed'
Mono path[1] = 'C:/Program Files/Unity/Hub/Editor/2020.3.24f1/Editor/Data/MonoBleedingEdge/lib/mono/unityjit'
Mono config path = 'C:/Program Files/Unity/Hub/Editor/2020.3.24f1/Editor/Data/MonoBleedingEdge/etc'
Using monoOptions --debugger-agent=transport=dt_socket,embedding=1,server=y,suspend=n,address=127.0.0.1:56876
Begin MonoManager ReloadAssembly
Registering precompiled unity dll's ...
Register platform support module: C:/Program Files/Unity/Hub/Editor/2020.3.24f1/Editor/Data/PlaybackEngines/WebGLSupport/UnityEditor.WebGL.Extensions.dll
Register platform support module: C:/Program Files/Unity/Hub/Editor/2020.3.24f1/Editor/Data/PlaybackEngines/WindowsStandaloneSupport/UnityEditor.WindowsStandalone.Extensions.dll
Registered in 0.001618 seconds.
Native extension for WindowsStandalone target not found
Native extension for WebGL target not found
Refreshing native plugins compatible for Editor in 33.95 ms, found 3 plugins.
Preloading 0 native plugins for Editor in 0.00 ms.
Mono: successfully reloaded assembly
- Completed reload, in  0.400 seconds
Domain Reload Profiling:
	ReloadAssembly (400ms)
		BeginReloadAssembly (35ms)
			ExecutionOrderSort (0ms)
			DisableScriptedObjects (0ms)
			BackupInstance (0ms)
			ReleaseScriptingObjects (0ms)
			CreateAndSetChildDomain (1ms)
		EndReloadAssembly (316ms)
			LoadAssemblies (34ms)
			RebuildTransferFunctionScriptingTraits (0ms)
			SetupTypeCache (97ms)
			ReleaseScriptCaches (0ms)
			RebuildScriptCaches (21ms)
			SetupLoadedEditorAssemblies (124ms)
				LogAssemblyErrors (0ms)
				InitializePlatformSupportModulesInManaged (4ms)
				SetLoadedEditorAssemblies (0ms)
				RefreshPlugins (34ms)
				BeforeProcessingInitializeOnLoad (7ms)
				ProcessInitializeOnLoadAttributes (59ms)
				ProcessInitializeOnLoadMethodAttributes (19ms)
				AfterProcessingInitializeOnLoad (0ms)
				EditorAssembliesLoaded (0ms)
			ExecutionOrderSort2 (0ms)
			AwakeInstancesAfterBackupRestoration (0ms)
Platform modules already initialized, skipping
Registering precompiled user dll's ...
Registered in 0.002888 seconds.
Begin MonoManager ReloadAssembly
Native extension for WindowsStandalone target not found
Native extension for WebGL target not found
Refreshing native plugins compatible for Editor in 32.69 ms, found 3 plugins.
Preloading 0 native plugins for Editor in 0.00 ms.
Mono: successfully reloaded assembly
- Completed reload, in  0.899 seconds
Domain Reload Profiling:
	ReloadAssembly (901ms)
		BeginReloadAssembly (92ms)
			ExecutionOrderSort (0ms)
			DisableScriptedObjects (3ms)
			BackupInstance (0ms)
			ReleaseScriptingObjects (0ms)
			CreateAndSetChildDomain (12ms)
		EndReloadAssembly (764ms)
			LoadAssemblies (61ms)
			RebuildTransferFunctionScriptingTraits (0ms)
			SetupTypeCache (207ms)
			ReleaseScriptCaches (0ms)
			RebuildScriptCaches (45ms)
			SetupLoadedEditorAssemblies (348ms)
				LogAssemblyErrors (0ms)
				InitializePlatformSupportModulesInManaged (3ms)
				SetLoadedEditorAssemblies (0ms)
				RefreshPlugins (33ms)
				BeforeProcessingInitializeOnLoad (57ms)
				ProcessInitializeOnLoadAttributes (214ms)
				ProcessInitializeOnLoadMethodAttributes (32ms)
				AfterProcessingInitializeOnLoad (9ms)
				EditorAssembliesLoaded (1ms)
			ExecutionOrderSort2 (0ms)
			AwakeInstancesAfterBackupRestoration (11ms)
Platform modules already initialized, skipping
========================================================================
Worker process is ready to serve import requests
Launched and connected shader compiler UnityShaderCompiler.exe after 0.04 seconds
Refreshing native plugins compatible for Editor in 0.53 ms, found 3 plugins.
Preloading 0 native plugins for Editor in 0.00 ms.
Unloading 2194 Unused Serialized files (Serialized files now loaded: 0)
System memory in use before: 95.8 MB.
System memory in use after: 95.9 MB.

Unloading 28 unused Assets to reduce memory usage. Loaded Objects now: 2627.
Total: 2.113600 ms (FindLiveObjects: 0.134900 ms CreateObjectMapping: 0.049200 ms MarkObjects: 1.873200 ms  DeleteObjects: 0.055100 ms)

AssetImportParameters requested are different than current active one (requested -> active):
  custom:framework-win-MediaFoundation: 216162199b28c13a410421893ffa2e32 -> 
  custom:video-decoder-ogg-theora: a1e56fd34408186e4bbccfd4996cb3dc -> 
  custom:container-muxer-webm: aa71ff27fc2769a1b78a27578f13a17b -> 
  custom:container-demuxer-webm: 4f35f7cbe854078d1ac9338744f61a02 -> 
  custom:container-demuxer-ogg: 62fdf1f143b41e24485cea50d1cbac27 -> 
  custom:video-encoder-webm-vp8: eb34c28f22e8b96e1ab97ce403110664 -> 
  custom:video-decoder-webm-vp8: 9c59270c3fd7afecdb556c50c9e8de78 -> 
  custom:audio-decoder-ogg-vorbis: bf7c407c2cedff20999df2af8eb42d56 -> 
  custom:audio-encoder-webm-vorbis: bf7c407c2cedff20999df2af8eb42d56 -> 
========================================================================
Received Import Request.
  path: Assets/Scenes/SampleScene.unity
  artifactKey: Guid(2cda990e2423bbf4892e6590ba056729) Importer(815301076,1909f56bfc062723c751e8b465ee728b)
Start importing Assets/Scenes/SampleScene.unity using Guid(2cda990e2423bbf4892e6590ba056729) Importer(815301076,1909f56bfc062723c751e8b465ee728b)  -> (artifact id: 'aa27944bdea339c97c39027c7eea529c') in 0.013873 seconds 
  Import took 0.017171 seconds .

========================================================================
Received Import Request.
  Time since last request: 0.000241 seconds.
  path: Assets/Scenes
  artifactKey: Guid(c4f00a0289def044db783355f47dc4f0) Importer(815301076,1909f56bfc062723c751e8b465ee728b)
Start importing Assets/Scenes using Guid(c4f00a0289def044db783355f47dc4f0) Importer(815301076,1909f56bfc062723c751e8b465ee728b)  -> (artifact id: 'a8b309a8fa78c7c798804ed28b476ce2') in 0.005443 seconds 
  Import took 0.009050 seconds .

========================================================================
Received Import Request.
  Time since last request: 9.351636 seconds.
  path: Assets/Scenes/Gameplay.unity
  artifactKey: Guid(2cda990e2423bbf4892e6590ba056729) Importer(815301076,1909f56bfc062723c751e8b465ee728b)
Start importing Assets/Scenes/Gameplay.unity using Guid(2cda990e2423bbf4892e6590ba056729) Importer(815301076,1909f56bfc062723c751e8b465ee728b)  -> (artifact id: '53c4b7055f5edcdcf14256944432e9a0') in 0.006583 seconds 
  Import took 0.009700 seconds .

========================================================================
Received Import Request.
  Time since last request: 112.322576 seconds.
  path: Assets/Scenes/Sprites
  artifactKey: Guid(4dffebe45d47a7840b3a1df8188f394f) Importer(815301076,1909f56bfc062723c751e8b465ee728b)
Start importing Assets/Scenes/Sprites using Guid(4dffebe45d47a7840b3a1df8188f394f) Importer(815301076,1909f56bfc062723c751e8b465ee728b)  -> (artifact id: '2714954784df8106cfd0d0198c14fdb1') in 0.005895 seconds 
  Import took 0.008458 seconds .

========================================================================
Received Import Request.
  Time since last request: 5.222339 seconds.
  path: Assets/Sprites/Background.jpg
  artifactKey: Guid(23e332d45cb070a49b914587937540d1) Importer(815301076,1909f56bfc062723c751e8b465ee728b)
Start importing Assets/Sprites/Background.jpg using Guid(23e332d45cb070a49b914587937540d1) Importer(815301076,1909f56bfc062723c751e8b465ee728b)  -> (artifact id: '247858fb4b6b10ab6dcd5cfaef3960ca') in 0.088428 seconds 
  Import took 0.091174 seconds .

========================================================================
Received Import Request.
  Time since last request: 0.000258 seconds.
  path: Assets/Sprites/Players.png
  artifactKey: Guid(26ac19fdfb260584c9d0fea274628344) Importer(815301076,1909f56bfc062723c751e8b465ee728b)
Start importing Assets/Sprites/Players.png using Guid(26ac19fdfb260584c9d0fea274628344) Importer(815301076,1909f56bfc062723c751e8b465ee728b)  -> (artifact id: '753bf42daea80f39918081966364d01f') in 0.016002 seconds 
  Import took 0.018545 seconds .

========================================================================
Received Import Request.
  Time since last request: 0.000147 seconds.
  path: Assets/Sprites/Enemies.png
  artifactKey: Guid(aba39c03b472a644f9b5f3fd225162a8) Importer(815301076,1909f56bfc062723c751e8b465ee728b)
Start importing Assets/Sprites/Enemies.png using Guid(aba39c03b472a644f9b5f3fd225162a8) Importer(815301076,1909f56bfc062723c751e8b465ee728b)  -> (artifact id: 'f6193a808d710c4289abf986d56b6b2e') in 0.012637 seconds 
  Import took 0.015111 seconds .

========================================================================
Received Import Request.
  Time since last request: 0.000132 seconds.
  path: Assets/Sprites/Ground.jpg
  artifactKey: Guid(9a8e6eee22cb5ff47a2423ad97faba97) Importer(815301076,1909f56bfc062723c751e8b465ee728b)
Start importing Assets/Sprites/Ground.jpg using Guid(9a8e6eee22cb5ff47a2423ad97faba97) Importer(815301076,1909f56bfc062723c751e8b465ee728b)  -> (artifact id: '3908e0a1fb74f0ef98620e6d16128467') in 0.014706 seconds 
  Import took 0.017214 seconds .

========================================================================
Received Import Request.
  Time since last request: 0.000173 seconds.
  path: Assets/Sprites/Player Select.png
  artifactKey: Guid(8691b8ee93daeb744a40fd681af7374b) Importer(815301076,1909f56bfc062723c751e8b465ee728b)
Start importing Assets/Sprites/Player Select.png using Guid(8691b8ee93daeb744a40fd681af7374b) Importer(815301076,1909f56bfc062723c751e8b465ee728b)  -> (artifact id: 'e1a448c7bae23fa919aeb365616da648') in 0.010363 seconds 
  Import took 0.012929 seconds .

========================================================================
Received Import Request.
  Time since last request: 0.000119 seconds.
  path: Assets/Sprites/Home.png
  artifactKey: Guid(37401f1e14441294b9034a1c6e1a78c7) Importer(815301076,1909f56bfc062723c751e8b465ee728b)
Start importing Assets/Sprites/Home.png using Guid(37401f1e14441294b9034a1c6e1a78c7) Importer(815301076,1909f56bfc062723c751e8b465ee728b)  -> (artifact id: 'de0063aa968ccef5cf7a8d0445718d03') in 0.010642 seconds 
  Import took 0.013163 seconds .

========================================================================
Received Import Request.
  Time since last request: 0.000164 seconds.
  path: Assets/Sprites/Moon.png
  artifactKey: Guid(32b95aadeef077d42a9497b145149061) Importer(815301076,1909f56bfc062723c751e8b465ee728b)
Start importing Assets/Sprites/Moon.png using Guid(32b95aadeef077d42a9497b145149061) Importer(815301076,1909f56bfc062723c751e8b465ee728b)  -> (artifact id: '82a90d218d89ad58c95c975da99111dc') in 0.011824 seconds 
  Import took 0.014333 seconds .

========================================================================
Received Import Request.
  Time since last request: 0.000173 seconds.
  path: Assets/Sprites/Restart.png
  artifactKey: Guid(2f8216592f018d145b32455518b76d19) Importer(815301076,1909f56bfc062723c751e8b465ee728b)
Start importing Assets/Sprites/Restart.png using Guid(2f8216592f018d145b32455518b76d19) Importer(815301076,1909f56bfc062723c751e8b465ee728b)  -> (artifact id: '4403c0e13723f3909191aa19a3086f2b') in 0.010415 seconds 
  Import took 0.012866 seconds .

========================================================================
Received Import Request.
  Time since last request: 91.495026 seconds.
  path: Assets/Sprites/Players.png
  artifactKey: Guid(26ac19fdfb260584c9d0fea274628344) Importer(815301076,1909f56bfc062723c751e8b465ee728b)
Start importing Assets/Sprites/Players.png using Guid(26ac19fdfb260584c9d0fea274628344) Importer(815301076,1909f56bfc062723c751e8b465ee728b)  -> (artifact id: '76fe447c2d9571c4751392b81a043119') in 0.009687 seconds 
  Import took 0.012448 seconds .

========================================================================
Received Import Request.
  Time since last request: 79.723415 seconds.
  path: Assets/Sprites/Players.png
  artifactKey: Guid(26ac19fdfb260584c9d0fea274628344) Importer(815301076,1909f56bfc062723c751e8b465ee728b)
Start importing Assets/Sprites/Players.png using Guid(26ac19fdfb260584c9d0fea274628344) Importer(815301076,1909f56bfc062723c751e8b465ee728b)  -> (artifact id: '477256451ebbab28031347466d2c706a') in 0.048419 seconds 
  Import took 0.052081 seconds .

========================================================================
Received Import Request.
  Time since last request: 274.088069 seconds.
  path: Assets
  artifactKey: Guid(00000000000000001000000000000000) Importer(815301076,1909f56bfc062723c751e8b465ee728b)
Start importing Assets using Guid(00000000000000001000000000000000) Importer(815301076,1909f56bfc062723c751e8b465ee728b)  -> (artifact id: '42d402b061de3733987d63b9cc3b64de') in 0.005378 seconds 
  Import took 0.008658 seconds .

========================================================================
Received Import Request.
  Time since last request: 6.265962 seconds.
  path: Assets/Animations
  artifactKey: Guid(51bdc01fb50fc1649a97c568b773815b) Importer(815301076,1909f56bfc062723c751e8b465ee728b)
Start importing Assets/Animations using Guid(51bdc01fb50fc1649a97c568b773815b) Importer(815301076,1909f56bfc062723c751e8b465ee728b)  -> (artifact id: '56705e087c38967b3ab5b7c83e0edeff') in 0.005332 seconds 
  Import took 0.008087 seconds .

========================================================================
Received Import Request.
  Time since last request: 15.442778 seconds.
  path: Assets/Animations/New Folder
  artifactKey: Guid(06970b81da2229843879550980159f67) Importer(815301076,1909f56bfc062723c751e8b465ee728b)
Start importing Assets/Animations/New Folder using Guid(06970b81da2229843879550980159f67) Importer(815301076,1909f56bfc062723c751e8b465ee728b)  -> (artifact id: '041af2d07ae05afa9044ffb9d3527bbc') in 0.006714 seconds 
  Import took 0.010802 seconds .

========================================================================
Received Import Request.
  Time since last request: 6.823460 seconds.
  path: Assets/Animations/Player 1 Animations
  artifactKey: Guid(06970b81da2229843879550980159f67) Importer(815301076,1909f56bfc062723c751e8b465ee728b)
Start importing Assets/Animations/Player 1 Animations using Guid(06970b81da2229843879550980159f67) Importer(815301076,1909f56bfc062723c751e8b465ee728b)  -> (artifact id: 'ca15abf90f683769b670d8e8031c46f7') in 0.006217 seconds 
  Import took 0.008915 seconds .

========================================================================
Received Import Request.
  Time since last request: 8.643037 seconds.
  path: Assets/Animations/Player 1 Animations/New Animator Controller.controller
  artifactKey: Guid(2bf1060eff29c20478862cd2601b4182) Importer(815301076,1909f56bfc062723c751e8b465ee728b)
Start importing Assets/Animations/Player 1 Animations/New Animator Controller.controller using Guid(2bf1060eff29c20478862cd2601b4182) Importer(815301076,1909f56bfc062723c751e8b465ee728b)  -> (artifact id: '25931358403fe79a98abd9c652c7c141') in 0.008165 seconds 
  Import took 0.011093 seconds .

========================================================================
Received Import Request.
  Time since last request: 9.368272 seconds.
  path: Assets/Animations/Player 1 Animations/Player 1 Animator Controller.controller
  artifactKey: Guid(2bf1060eff29c20478862cd2601b4182) Importer(815301076,1909f56bfc062723c751e8b465ee728b)
Start importing Assets/Animations/Player 1 Animations/Player 1 Animator Controller.controller using Guid(2bf1060eff29c20478862cd2601b4182) Importer(815301076,1909f56bfc062723c751e8b465ee728b)  -> (artifact id: '144b2f3ba40d851b4d3b5c7b52c6997e') in 0.008649 seconds 
  Import took 0.013339 seconds .

========================================================================
Received Import Request.
  Time since last request: 44.696522 seconds.
  path: Assets/Animations/Player 1 Animations/Player 1 Controller.controller
  artifactKey: Guid(2bf1060eff29c20478862cd2601b4182) Importer(815301076,1909f56bfc062723c751e8b465ee728b)
Start importing Assets/Animations/Player 1 Animations/Player 1 Controller.controller using Guid(2bf1060eff29c20478862cd2601b4182) Importer(815301076,1909f56bfc062723c751e8b465ee728b)  -> (artifact id: 'dff41b5a05a638fab7e31eded14345b1') in 0.006406 seconds 
  Import took 0.009216 seconds .

========================================================================
Received Import Request.
  Time since last request: 603.763911 seconds.
  path: Assets/Prefabs
  artifactKey: Guid(dbe50e1264f4e924c88e69e1337ac3a1) Importer(815301076,1909f56bfc062723c751e8b465ee728b)
Start importing Assets/Prefabs using Guid(dbe50e1264f4e924c88e69e1337ac3a1) Importer(815301076,1909f56bfc062723c751e8b465ee728b)  -> (artifact id: '182992b2a51c83f622b62df08a391209') in 0.005470 seconds 
  Import took 0.008908 seconds .

========================================================================
Received Import Request.
  Time since last request: 8.541875 seconds.
  path: Assets/Prefabs/Player 1.prefab
  artifactKey: Guid(2caba69f79ea2914f960040645cc65c5) Importer(815301076,1909f56bfc062723c751e8b465ee728b)
Start importing Assets/Prefabs/Player 1.prefab using Guid(2caba69f79ea2914f960040645cc65c5) Importer(815301076,1909f56bfc062723c751e8b465ee728b)  -> (artifact id: 'c4d35f733b6476f9e135654feac8c941') in 0.033699 seconds 
  Import took 0.036328 seconds .

========================================================================
Received Import Request.
  Time since last request: 91.004734 seconds.
  path: Assets/Animations/Player 2 Animations
  artifactKey: Guid(ed2921b133668044c9bea8bf88f112e6) Importer(815301076,1909f56bfc062723c751e8b465ee728b)
Start importing Assets/Animations/Player 2 Animations using Guid(ed2921b133668044c9bea8bf88f112e6) Importer(815301076,1909f56bfc062723c751e8b465ee728b)  -> (artifact id: '71462e58b8110a820fdb1f3c80a016b8') in 0.005285 seconds 
  Import took 0.008084 seconds .

========================================================================
Received Import Request.
  Time since last request: 12.515264 seconds.
  path: Assets/Animations/Player 2 Animations/New Animator Controller.controller
  artifactKey: Guid(f058c3b3599b3594b8107ece55c75be2) Importer(815301076,1909f56bfc062723c751e8b465ee728b)
Start importing Assets/Animations/Player 2 Animations/New Animator Controller.controller using Guid(f058c3b3599b3594b8107ece55c75be2) Importer(815301076,1909f56bfc062723c751e8b465ee728b)  -> (artifact id: '8865c31f7110bd58b38a67e7668b790d') in 0.002527 seconds 
  Import took 0.005281 seconds .

========================================================================
Received Import Request.
  Time since last request: 46.732439 seconds.
  path: Assets/Animations/Player 2 Animations/Player 2.controller
  artifactKey: Guid(dda45e26dc5024e4898cdfb2d0ce0857) Importer(815301076,1909f56bfc062723c751e8b465ee728b)
Start importing Assets/Animations/Player 2 Animations/Player 2.controller using Guid(dda45e26dc5024e4898cdfb2d0ce0857) Importer(815301076,1909f56bfc062723c751e8b465ee728b)  -> (artifact id: '5fca74c7741c70dbdfd19074b1861f5a') in 0.005611 seconds 
  Import took 0.008434 seconds .

========================================================================
Received Import Request.
  Time since last request: 209.766541 seconds.
  path: Assets/Prefabs/Player 2.prefab
  artifactKey: Guid(2232e82032601214d979cdf3a152cc05) Importer(815301076,1909f56bfc062723c751e8b465ee728b)
Start importing Assets/Prefabs/Player 2.prefab using Guid(2232e82032601214d979cdf3a152cc05) Importer(815301076,1909f56bfc062723c751e8b465ee728b) The Animator Controller (Player 2) you have used is not valid. Animations will not play
UnityEngine.StackTraceUtility:ExtractStackTrace ()
UnityEditor.EditorUtility:Internal_InstantiateRemoveAllNonAnimationComponentsSingle (UnityEngine.Object,UnityEngine.Vector3,UnityEngine.Quaternion)
UnityEditor.EditorUtility:InstantiateRemoveAllNonAnimationComponents (UnityEngine.Object,UnityEngine.Vector3,UnityEngine.Quaternion)
UnityEditor.EditorUtility:InstantiateForAnimatorPreview (UnityEngine.Object)
UnityEditor.GameObjectInspector/PreviewData:UpdateGameObject (UnityEngine.Object)
UnityEditor.GameObjectInspector/PreviewData:.ctor (UnityEngine.Object)
UnityEditor.GameObjectInspector:GetPreviewData ()
UnityEditor.GameObjectInspector:RenderStaticPreview (string,UnityEngine.Object[],int,int)
UnityEditor.AssetPreviewUpdater:CreatePreviewForAsset (UnityEngine.Object,UnityEngine.Object[],string)

[C:\buildslave\unity\build\Modules/Animation/Director/AnimatorControllerPlayable.cpp line 333]

The Animator Controller (Player 2) you have used is not valid. Animations will not play
UnityEngine.StackTraceUtility:ExtractStackTrace ()
UnityEditor.EditorUtility:InitInstantiatedPreviewRecursive (UnityEngine.GameObject)
UnityEditor.EditorUtility:InstantiateForAnimatorPreview (UnityEngine.Object)
UnityEditor.GameObjectInspector/PreviewData:UpdateGameObject (UnityEngine.Object)
UnityEditor.GameObjectInspector/PreviewData:.ctor (UnityEngine.Object)
UnityEditor.GameObjectInspector:GetPreviewData ()
UnityEditor.GameObjectInspector:RenderStaticPreview (string,UnityEngine.Object[],int,int)
UnityEditor.AssetPreviewUpdater:CreatePreviewForAsset (UnityEngine.Object,UnityEngine.Object[],string)

[C:\buildslave\unity\build\Modules/Animation/Director/AnimatorControllerPlayable.cpp line 333]

 -> (artifact id: 'a61fcf02e8e2969c24fbf8963098fc4b') in 0.011797 seconds 
  Import took 0.014640 seconds .

========================================================================
Received Import Request.
  Time since last request: 213.141177 seconds.
  path: ProjectSettings/TagManager.asset
  artifactKey: Guid(00000000000000003000000000000000) Importer(815301076,1909f56bfc062723c751e8b465ee728b)
Start importing ProjectSettings/TagManager.asset using Guid(00000000000000003000000000000000) Importer(815301076,1909f56bfc062723c751e8b465ee728b)  -> (artifact id: '95df672b4aaba54310d34c83eef51bb8') in 0.006789 seconds 
  Import took 0.010173 seconds .

AssetImportWorkerClient::OnTransportError - code=2 error=End of file
